{"numFailedTestSuites":0,"numFailedTests":0,"numPassedTestSuites":1,"numPassedTests":17,"numPendingTestSuites":0,"numPendingTests":0,"numRuntimeErrorTestSuites":0,"numTodoTests":0,"numTotalTestSuites":1,"numTotalTests":17,"openHandles":[],"snapshot":{"added":0,"didUpdate":false,"failure":false,"filesAdded":0,"filesRemoved":0,"filesRemovedList":[],"filesUnmatched":0,"filesUpdated":0,"matched":0,"total":0,"unchecked":0,"uncheckedKeysByFile":[],"unmatched":0,"updated":0},"startTime":1743390378972,"success":true,"testResults":[{"assertionResults":[{"ancestorTitles":["PermissionGuard - Basic Permission Checks"],"duration":25,"failureDetails":[],"failureMessages":[],"fullName":"PermissionGuard - Basic Permission Checks should render children when user has the required permission","invocations":1,"location":null,"numPassingAsserts":2,"retryReasons":[],"status":"passed","title":"should render children when user has the required permission"},{"ancestorTitles":["PermissionGuard - Basic Permission Checks"],"duration":28,"failureDetails":[],"failureMessages":[],"fullName":"PermissionGuard - Basic Permission Checks should not render children when user lacks permission","invocations":1,"location":null,"numPassingAsserts":2,"retryReasons":[],"status":"passed","title":"should not render children when user lacks permission"},{"ancestorTitles":["PermissionGuard - Basic Permission Checks"],"duration":31,"failureDetails":[],"failureMessages":[],"fullName":"PermissionGuard - Basic Permission Checks should default to \"read\" permission if none specified","invocations":1,"location":null,"numPassingAsserts":2,"retryReasons":[],"status":"passed","title":"should default to \"read\" permission if none specified"},{"ancestorTitles":["PermissionGuard - Basic Permission Checks"],"duration":32,"failureDetails":[],"failureMessages":[],"fullName":"PermissionGuard - Basic Permission Checks should check resource-specific permissions","invocations":1,"location":null,"numPassingAsserts":2,"retryReasons":[],"status":"passed","title":"should check resource-specific permissions"},{"ancestorTitles":["PermissionGuard - Multiple Permissions"],"duration":31,"failureDetails":[],"failureMessages":[],"fullName":"PermissionGuard - Multiple Permissions should check for any of multiple permissions when requireAll is false","invocations":1,"location":null,"numPassingAsserts":2,"retryReasons":[],"status":"passed","title":"should check for any of multiple permissions when requireAll is false"},{"ancestorTitles":["PermissionGuard - Multiple Permissions"],"duration":31,"failureDetails":[],"failureMessages":[],"fullName":"PermissionGuard - Multiple Permissions should check for all permissions when requireAll is true","invocations":1,"location":null,"numPassingAsserts":2,"retryReasons":[],"status":"passed","title":"should check for all permissions when requireAll is true"},{"ancestorTitles":["PermissionGuard - Multiple Permissions"],"duration":31,"failureDetails":[],"failureMessages":[],"fullName":"PermissionGuard - Multiple Permissions should not render children when any permission check fails with requireAll=true","invocations":1,"location":null,"numPassingAsserts":2,"retryReasons":[],"status":"passed","title":"should not render children when any permission check fails with requireAll=true"},{"ancestorTitles":["PermissionGuard - Multiple Permissions"],"duration":30,"failureDetails":[],"failureMessages":[],"fullName":"PermissionGuard - Multiple Permissions should not render children when all permission checks fail with requireAll=false","invocations":1,"location":null,"numPassingAsserts":2,"retryReasons":[],"status":"passed","title":"should not render children when all permission checks fail with requireAll=false"},{"ancestorTitles":["PermissionGuard - UI Behavior"],"duration":32,"failureDetails":[],"failureMessages":[],"fullName":"PermissionGuard - UI Behavior should render fallback content when user lacks permission","invocations":1,"location":null,"numPassingAsserts":3,"retryReasons":[],"status":"passed","title":"should render fallback content when user lacks permission"},{"ancestorTitles":["PermissionGuard - UI Behavior"],"duration":138,"failureDetails":[],"failureMessages":[],"fullName":"PermissionGuard - UI Behavior should show loading indicator when loading and showLoading is true","invocations":1,"location":null,"numPassingAsserts":2,"retryReasons":[],"status":"passed","title":"should show loading indicator when loading and showLoading is true"},{"ancestorTitles":["PermissionGuard - UI Behavior"],"duration":12,"failureDetails":[],"failureMessages":[],"fullName":"PermissionGuard - UI Behavior should render nothing when silent is true and permission is denied","invocations":1,"location":null,"numPassingAsserts":2,"retryReasons":[],"status":"passed","title":"should render nothing when silent is true and permission is denied"},{"ancestorTitles":["PermissionGuard - UI Behavior"],"duration":139,"failureDetails":[],"failureMessages":[],"fullName":"PermissionGuard - UI Behavior should not show loading indicator when showLoading is false","invocations":1,"location":null,"numPassingAsserts":3,"retryReasons":[],"status":"passed","title":"should not show loading indicator when showLoading is false"},{"ancestorTitles":["PermissionGuard - Error Handling and Edge Cases"],"duration":14,"failureDetails":[],"failureMessages":[],"fullName":"PermissionGuard - Error Handling and Edge Cases should handle missing user","invocations":1,"location":null,"numPassingAsserts":2,"retryReasons":[],"status":"passed","title":"should handle missing user"},{"ancestorTitles":["PermissionGuard - Error Handling and Edge Cases"],"duration":16,"failureDetails":[],"failureMessages":[],"fullName":"PermissionGuard - Error Handling and Edge Cases should handle missing tenant","invocations":1,"location":null,"numPassingAsserts":2,"retryReasons":[],"status":"passed","title":"should handle missing tenant"},{"ancestorTitles":["PermissionGuard - Error Handling and Edge Cases"],"duration":16,"failureDetails":[],"failureMessages":[],"fullName":"PermissionGuard - Error Handling and Edge Cases should handle permission check errors","invocations":1,"location":null,"numPassingAsserts":1,"retryReasons":[],"status":"passed","title":"should handle permission check errors"},{"ancestorTitles":["PermissionGuard - Error Handling and Edge Cases"],"duration":31,"failureDetails":[],"failureMessages":[],"fullName":"PermissionGuard - Error Handling and Edge Cases should handle empty permissions array","invocations":1,"location":null,"numPassingAsserts":3,"retryReasons":[],"status":"passed","title":"should handle empty permissions array"},{"ancestorTitles":["PermissionGuard - Error Handling and Edge Cases"],"duration":16,"failureDetails":[],"failureMessages":[],"fullName":"PermissionGuard - Error Handling and Edge Cases should handle auth loading state","invocations":1,"location":null,"numPassingAsserts":1,"retryReasons":[],"status":"passed","title":"should handle auth loading state"}],"endTime":1743390380591,"message":"","name":"C:\\Users\\T\\directorymonster\\src\\components\\admin\\auth\\guards\\__tests__\\PermissionGuard.test.tsx","startTime":1743390379398,"status":"passed","summary":""}],"wasInterrupted":false}
